#! /c/Source/iverilog-install/bin/vvp
:ivl_version "12.0 (devel)" "(s20150603-1539-g2693dd32b)";
:ivl_delay_selection "TYPICAL";
:vpi_time_precision - 10;
:vpi_module "C:\Users\orleo\DOCUME~1\GitHub\CIRCUI~1\iverilog\lib\ivl\system.vpi";
:vpi_module "C:\Users\orleo\DOCUME~1\GitHub\CIRCUI~1\iverilog\lib\ivl\vhdl_sys.vpi";
:vpi_module "C:\Users\orleo\DOCUME~1\GitHub\CIRCUI~1\iverilog\lib\ivl\vhdl_textio.vpi";
:vpi_module "C:\Users\orleo\DOCUME~1\GitHub\CIRCUI~1\iverilog\lib\ivl\v2005_math.vpi";
:vpi_module "C:\Users\orleo\DOCUME~1\GitHub\CIRCUI~1\iverilog\lib\ivl\va_math.vpi";
:vpi_module "C:\Users\orleo\DOCUME~1\GitHub\CIRCUI~1\iverilog\lib\ivl\v2009.vpi";
S_000001ccfa48d350 .scope package, "$unit" "$unit" 2 1;
 .timescale 0 0;
S_000001ccfa48d4e0 .scope module, "divisor_tb" "divisor_tb" 3 4;
 .timescale -9 -10;
v000001ccfa522c60_0 .var "clk", 0 0;
v000001ccfa522bc0_0 .var "dividendo", 15 0;
v000001ccfa522ee0_0 .var "divisor", 15 0;
v000001ccfa522d00_0 .net "done_tick", 0 0, v000001ccfa236c60_0;  1 drivers
v000001ccfa522da0_0 .net "quociente", 15 0, v000001ccfa236d00_0;  1 drivers
v000001ccfa5223a0_0 .net "ready", 0 0, v000001ccfa5220d0_0;  1 drivers
v000001ccfa5224e0_0 .net "resto", 15 0, v000001ccfa522170_0;  1 drivers
v000001ccfa522760_0 .var "rst", 0 0;
v000001ccfa523020_0 .var "start", 0 0;
S_000001ccfa236a30 .scope module, "a1" "divisor" 3 12, 4 1 0, S_000001ccfa48d4e0;
 .timescale 0 0;
    .port_info 0 /INPUT 1 "clk";
    .port_info 1 /INPUT 1 "rst";
    .port_info 2 /INPUT 1 "start";
    .port_info 3 /INPUT 16 "dividendo";
    .port_info 4 /INPUT 16 "divisor";
    .port_info 5 /OUTPUT 1 "ready";
    .port_info 6 /OUTPUT 1 "done_tick";
    .port_info 7 /OUTPUT 16 "quociente";
    .port_info 8 /OUTPUT 16 "resto";
enum000001ccfa493440 .enum2/s (32)
   "idle" 0,
   "op" 1,
   "done" 2
 ;
v000001ccfa48d670_0 .var "acumulador_next", 15 0;
v000001ccfa48d710_0 .var "acumulador_reg", 15 0;
v000001ccfa23be80_0 .net "clk", 0 0, v000001ccfa522c60_0;  1 drivers
v000001ccfa23bf20_0 .net "dividendo", 15 0, v000001ccfa522bc0_0;  1 drivers
v000001ccfa236bc0_0 .net "divisor", 15 0, v000001ccfa522ee0_0;  1 drivers
v000001ccfa236c60_0 .var "done_tick", 0 0;
v000001ccfa236d00_0 .var "quociente", 15 0;
v000001ccfa236da0_0 .var "quociente_next", 15 0;
v000001ccfa522030_0 .var "quociente_reg", 15 0;
v000001ccfa5220d0_0 .var "ready", 0 0;
v000001ccfa522170_0 .var "resto", 15 0;
v000001ccfa522440_0 .net "rst", 0 0, v000001ccfa522760_0;  1 drivers
v000001ccfa522e40_0 .net "start", 0 0, v000001ccfa523020_0;  1 drivers
v000001ccfa522b20_0 .var/2s "state_next", 31 0;
v000001ccfa522f80_0 .var/2s "state_reg", 31 0;
E_000001ccfa4c5470/0 .event anyedge, v000001ccfa522f80_0, v000001ccfa48d710_0, v000001ccfa522030_0, v000001ccfa522e40_0;
E_000001ccfa4c5470/1 .event anyedge, v000001ccfa236bc0_0, v000001ccfa23bf20_0;
E_000001ccfa4c5470 .event/or E_000001ccfa4c5470/0, E_000001ccfa4c5470/1;
E_000001ccfa4c40f0 .event posedge, v000001ccfa522440_0, v000001ccfa23be80_0;
    .scope S_000001ccfa236a30;
T_0 ;
    %wait E_000001ccfa4c40f0;
    %load/vec4 v000001ccfa522440_0;
    %flag_set/vec4 8;
    %jmp/0xz  T_0.0, 8;
    %pushi/vec4 0, 0, 32;
    %assign/vec4 v000001ccfa522f80_0, 0;
    %pushi/vec4 0, 0, 16;
    %assign/vec4 v000001ccfa48d710_0, 0;
    %pushi/vec4 0, 0, 16;
    %assign/vec4 v000001ccfa522030_0, 0;
    %jmp T_0.1;
T_0.0 ;
    %load/vec4 v000001ccfa522b20_0;
    %assign/vec4 v000001ccfa522f80_0, 0;
    %load/vec4 v000001ccfa48d670_0;
    %assign/vec4 v000001ccfa48d710_0, 0;
    %load/vec4 v000001ccfa236da0_0;
    %assign/vec4 v000001ccfa522030_0, 0;
T_0.1 ;
    %jmp T_0;
    .thread T_0;
    .scope S_000001ccfa236a30;
T_1 ;
Ewait_0 .event/or E_000001ccfa4c5470, E_0x0;
    %wait Ewait_0;
    %load/vec4 v000001ccfa522f80_0;
    %store/vec4 v000001ccfa522b20_0, 0, 32;
    %pushi/vec4 0, 0, 1;
    %store/vec4 v000001ccfa5220d0_0, 0, 1;
    %pushi/vec4 0, 0, 1;
    %store/vec4 v000001ccfa236c60_0, 0, 1;
    %load/vec4 v000001ccfa48d710_0;
    %store/vec4 v000001ccfa48d670_0, 0, 16;
    %load/vec4 v000001ccfa522030_0;
    %store/vec4 v000001ccfa236da0_0, 0, 16;
    %load/vec4 v000001ccfa48d710_0;
    %store/vec4 v000001ccfa522170_0, 0, 16;
    %load/vec4 v000001ccfa522030_0;
    %store/vec4 v000001ccfa236d00_0, 0, 16;
    %load/vec4 v000001ccfa48d710_0;
    %store/vec4 v000001ccfa522170_0, 0, 16;
    %load/vec4 v000001ccfa522f80_0;
    %dup/vec4;
    %pushi/vec4 0, 0, 32;
    %cmp/u;
    %jmp/1 T_1.0, 6;
    %dup/vec4;
    %pushi/vec4 1, 0, 32;
    %cmp/u;
    %jmp/1 T_1.1, 6;
    %dup/vec4;
    %pushi/vec4 2, 0, 32;
    %cmp/u;
    %jmp/1 T_1.2, 6;
    %pushi/vec4 0, 0, 32;
    %store/vec4 v000001ccfa522b20_0, 0, 32;
    %jmp T_1.4;
T_1.0 ;
    %pushi/vec4 1, 0, 1;
    %store/vec4 v000001ccfa5220d0_0, 0, 1;
    %load/vec4 v000001ccfa522e40_0;
    %flag_set/vec4 8;
    %jmp/0xz  T_1.5, 8;
    %load/vec4 v000001ccfa236bc0_0;
    %pad/u 32;
    %cmpi/ne 0, 0, 32;
    %jmp/0xz  T_1.7, 4;
    %load/vec4 v000001ccfa23bf20_0;
    %store/vec4 v000001ccfa48d670_0, 0, 16;
    %pushi/vec4 0, 0, 16;
    %store/vec4 v000001ccfa236da0_0, 0, 16;
    %pushi/vec4 1, 0, 32;
    %store/vec4 v000001ccfa522b20_0, 0, 32;
    %jmp T_1.8;
T_1.7 ;
    %pushi/vec4 0, 0, 32;
    %store/vec4 v000001ccfa522b20_0, 0, 32;
T_1.8 ;
T_1.5 ;
    %jmp T_1.4;
T_1.1 ;
    %load/vec4 v000001ccfa236bc0_0;
    %load/vec4 v000001ccfa48d710_0;
    %cmp/u;
    %flag_or 5, 4;
    %jmp/0xz  T_1.9, 5;
    %load/vec4 v000001ccfa48d710_0;
    %load/vec4 v000001ccfa236bc0_0;
    %sub;
    %store/vec4 v000001ccfa48d670_0, 0, 16;
    %load/vec4 v000001ccfa522030_0;
    %addi 1, 0, 16;
    %store/vec4 v000001ccfa236da0_0, 0, 16;
    %pushi/vec4 1, 0, 32;
    %store/vec4 v000001ccfa522b20_0, 0, 32;
    %jmp T_1.10;
T_1.9 ;
    %pushi/vec4 2, 0, 32;
    %store/vec4 v000001ccfa522b20_0, 0, 32;
T_1.10 ;
    %jmp T_1.4;
T_1.2 ;
    %pushi/vec4 1, 0, 1;
    %store/vec4 v000001ccfa236c60_0, 0, 1;
    %load/vec4 v000001ccfa522030_0;
    %store/vec4 v000001ccfa236d00_0, 0, 16;
    %load/vec4 v000001ccfa48d710_0;
    %store/vec4 v000001ccfa522170_0, 0, 16;
    %pushi/vec4 0, 0, 32;
    %store/vec4 v000001ccfa522b20_0, 0, 32;
    %jmp T_1.4;
T_1.4 ;
    %pop/vec4 1;
    %jmp T_1;
    .thread T_1, $push;
    .scope S_000001ccfa48d4e0;
T_2 ;
    %vpi_call/w 3 15 "$dumpfile", "divisor.vcd" {0 0 0};
    %vpi_call/w 3 16 "$dumpvars", 32'sb00000000000000000000000000000000, S_000001ccfa48d4e0 {0 0 0};
    %pushi/vec4 0, 0, 1;
    %store/vec4 v000001ccfa522c60_0, 0, 1;
    %pushi/vec4 1, 0, 1;
    %store/vec4 v000001ccfa522760_0, 0, 1;
    %pushi/vec4 0, 0, 1;
    %store/vec4 v000001ccfa523020_0, 0, 1;
    %pushi/vec4 0, 0, 16;
    %store/vec4 v000001ccfa522bc0_0, 0, 16;
    %pushi/vec4 0, 0, 16;
    %store/vec4 v000001ccfa522ee0_0, 0, 16;
    %delay 500, 0;
    %pushi/vec4 1, 0, 1;
    %store/vec4 v000001ccfa522760_0, 0, 1;
    %pushi/vec4 1, 0, 1;
    %store/vec4 v000001ccfa523020_0, 0, 1;
    %pushi/vec4 40, 0, 16;
    %store/vec4 v000001ccfa522bc0_0, 0, 16;
    %pushi/vec4 2, 0, 16;
    %store/vec4 v000001ccfa522ee0_0, 0, 16;
    %delay 500, 0;
    %pushi/vec4 1, 0, 1;
    %store/vec4 v000001ccfa522760_0, 0, 1;
    %pushi/vec4 1, 0, 1;
    %store/vec4 v000001ccfa523020_0, 0, 1;
    %pushi/vec4 30, 0, 16;
    %store/vec4 v000001ccfa522bc0_0, 0, 16;
    %pushi/vec4 1, 0, 16;
    %store/vec4 v000001ccfa522ee0_0, 0, 16;
    %delay 500, 0;
    %pushi/vec4 1, 0, 1;
    %store/vec4 v000001ccfa522760_0, 0, 1;
    %pushi/vec4 1, 0, 1;
    %store/vec4 v000001ccfa523020_0, 0, 1;
    %pushi/vec4 60, 0, 16;
    %store/vec4 v000001ccfa522bc0_0, 0, 16;
    %pushi/vec4 4, 0, 16;
    %store/vec4 v000001ccfa522ee0_0, 0, 16;
    %delay 500, 0;
    %pushi/vec4 1, 0, 1;
    %store/vec4 v000001ccfa522760_0, 0, 1;
    %pushi/vec4 1, 0, 1;
    %store/vec4 v000001ccfa523020_0, 0, 1;
    %pushi/vec4 80, 0, 16;
    %store/vec4 v000001ccfa522bc0_0, 0, 16;
    %pushi/vec4 5, 0, 16;
    %store/vec4 v000001ccfa522ee0_0, 0, 16;
    %delay 50, 0;
    %pushi/vec4 0, 0, 1;
    %store/vec4 v000001ccfa522760_0, 0, 1;
    %pushi/vec4 0, 0, 1;
    %store/vec4 v000001ccfa523020_0, 0, 1;
    %pushi/vec4 30, 0, 16;
    %store/vec4 v000001ccfa522bc0_0, 0, 16;
    %pushi/vec4 2, 0, 16;
    %store/vec4 v000001ccfa522ee0_0, 0, 16;
    %delay 50, 0;
    %pushi/vec4 0, 0, 1;
    %store/vec4 v000001ccfa522760_0, 0, 1;
    %pushi/vec4 0, 0, 1;
    %store/vec4 v000001ccfa523020_0, 0, 1;
    %pushi/vec4 60, 0, 16;
    %store/vec4 v000001ccfa522bc0_0, 0, 16;
    %pushi/vec4 3, 0, 16;
    %store/vec4 v000001ccfa522ee0_0, 0, 16;
    %delay 50, 0;
    %pushi/vec4 0, 0, 1;
    %store/vec4 v000001ccfa522760_0, 0, 1;
    %pushi/vec4 0, 0, 1;
    %store/vec4 v000001ccfa523020_0, 0, 1;
    %pushi/vec4 70, 0, 16;
    %store/vec4 v000001ccfa522bc0_0, 0, 16;
    %pushi/vec4 4, 0, 16;
    %store/vec4 v000001ccfa522ee0_0, 0, 16;
    %delay 50, 0;
    %pushi/vec4 0, 0, 1;
    %store/vec4 v000001ccfa522760_0, 0, 1;
    %pushi/vec4 0, 0, 1;
    %store/vec4 v000001ccfa523020_0, 0, 1;
    %pushi/vec4 80, 0, 16;
    %store/vec4 v000001ccfa522bc0_0, 0, 16;
    %pushi/vec4 5, 0, 16;
    %store/vec4 v000001ccfa522ee0_0, 0, 16;
    %delay 500, 0;
    %pushi/vec4 1, 0, 1;
    %store/vec4 v000001ccfa522760_0, 0, 1;
    %pushi/vec4 1, 0, 1;
    %store/vec4 v000001ccfa523020_0, 0, 1;
    %pushi/vec4 100, 0, 16;
    %store/vec4 v000001ccfa522bc0_0, 0, 16;
    %pushi/vec4 5, 0, 16;
    %store/vec4 v000001ccfa522ee0_0, 0, 16;
    %delay 50, 0;
    %pushi/vec4 0, 0, 1;
    %store/vec4 v000001ccfa522760_0, 0, 1;
    %pushi/vec4 1, 0, 1;
    %store/vec4 v000001ccfa523020_0, 0, 1;
    %pushi/vec4 100, 0, 16;
    %store/vec4 v000001ccfa522bc0_0, 0, 16;
    %pushi/vec4 5, 0, 16;
    %store/vec4 v000001ccfa522ee0_0, 0, 16;
    %delay 500, 0;
    %pushi/vec4 1, 0, 1;
    %store/vec4 v000001ccfa522760_0, 0, 1;
    %pushi/vec4 1, 0, 1;
    %store/vec4 v000001ccfa523020_0, 0, 1;
    %pushi/vec4 150, 0, 16;
    %store/vec4 v000001ccfa522bc0_0, 0, 16;
    %pushi/vec4 10, 0, 16;
    %store/vec4 v000001ccfa522ee0_0, 0, 16;
    %delay 50, 0;
    %pushi/vec4 0, 0, 1;
    %store/vec4 v000001ccfa522760_0, 0, 1;
    %pushi/vec4 1, 0, 1;
    %store/vec4 v000001ccfa523020_0, 0, 1;
    %pushi/vec4 150, 0, 16;
    %store/vec4 v000001ccfa522bc0_0, 0, 16;
    %pushi/vec4 10, 0, 16;
    %store/vec4 v000001ccfa522ee0_0, 0, 16;
    %delay 500, 0;
    %pushi/vec4 1, 0, 1;
    %store/vec4 v000001ccfa522760_0, 0, 1;
    %pushi/vec4 1, 0, 1;
    %store/vec4 v000001ccfa523020_0, 0, 1;
    %pushi/vec4 200, 0, 16;
    %store/vec4 v000001ccfa522bc0_0, 0, 16;
    %pushi/vec4 10, 0, 16;
    %store/vec4 v000001ccfa522ee0_0, 0, 16;
    %delay 50, 0;
    %pushi/vec4 0, 0, 1;
    %store/vec4 v000001ccfa522760_0, 0, 1;
    %pushi/vec4 1, 0, 1;
    %store/vec4 v000001ccfa523020_0, 0, 1;
    %pushi/vec4 200, 0, 16;
    %store/vec4 v000001ccfa522bc0_0, 0, 16;
    %pushi/vec4 10, 0, 16;
    %store/vec4 v000001ccfa522ee0_0, 0, 16;
    %delay 500, 0;
    %pushi/vec4 1, 0, 1;
    %store/vec4 v000001ccfa522760_0, 0, 1;
    %pushi/vec4 1, 0, 1;
    %store/vec4 v000001ccfa523020_0, 0, 1;
    %pushi/vec4 240, 0, 16;
    %store/vec4 v000001ccfa522bc0_0, 0, 16;
    %pushi/vec4 12, 0, 16;
    %store/vec4 v000001ccfa522ee0_0, 0, 16;
    %delay 50, 0;
    %pushi/vec4 0, 0, 1;
    %store/vec4 v000001ccfa522760_0, 0, 1;
    %pushi/vec4 1, 0, 1;
    %store/vec4 v000001ccfa523020_0, 0, 1;
    %pushi/vec4 240, 0, 16;
    %store/vec4 v000001ccfa522bc0_0, 0, 16;
    %pushi/vec4 12, 0, 16;
    %store/vec4 v000001ccfa522ee0_0, 0, 16;
    %delay 500, 0;
    %pushi/vec4 1, 0, 1;
    %store/vec4 v000001ccfa522760_0, 0, 1;
    %pushi/vec4 1, 0, 1;
    %store/vec4 v000001ccfa523020_0, 0, 1;
    %pushi/vec4 300, 0, 16;
    %store/vec4 v000001ccfa522bc0_0, 0, 16;
    %pushi/vec4 15, 0, 16;
    %store/vec4 v000001ccfa522ee0_0, 0, 16;
    %delay 50, 0;
    %pushi/vec4 0, 0, 1;
    %store/vec4 v000001ccfa522760_0, 0, 1;
    %pushi/vec4 1, 0, 1;
    %store/vec4 v000001ccfa523020_0, 0, 1;
    %pushi/vec4 300, 0, 16;
    %store/vec4 v000001ccfa522bc0_0, 0, 16;
    %pushi/vec4 15, 0, 16;
    %store/vec4 v000001ccfa522ee0_0, 0, 16;
    %delay 500, 0;
    %pushi/vec4 1, 0, 1;
    %store/vec4 v000001ccfa522760_0, 0, 1;
    %pushi/vec4 1, 0, 1;
    %store/vec4 v000001ccfa523020_0, 0, 1;
    %pushi/vec4 350, 0, 16;
    %store/vec4 v000001ccfa522bc0_0, 0, 16;
    %pushi/vec4 17, 0, 16;
    %store/vec4 v000001ccfa522ee0_0, 0, 16;
    %delay 50, 0;
    %pushi/vec4 0, 0, 1;
    %store/vec4 v000001ccfa522760_0, 0, 1;
    %pushi/vec4 1, 0, 1;
    %store/vec4 v000001ccfa523020_0, 0, 1;
    %pushi/vec4 350, 0, 16;
    %store/vec4 v000001ccfa522bc0_0, 0, 16;
    %pushi/vec4 17, 0, 16;
    %store/vec4 v000001ccfa522ee0_0, 0, 16;
    %delay 500, 0;
    %pushi/vec4 1, 0, 1;
    %store/vec4 v000001ccfa522760_0, 0, 1;
    %pushi/vec4 1, 0, 1;
    %store/vec4 v000001ccfa523020_0, 0, 1;
    %pushi/vec4 360, 0, 16;
    %store/vec4 v000001ccfa522bc0_0, 0, 16;
    %pushi/vec4 18, 0, 16;
    %store/vec4 v000001ccfa522ee0_0, 0, 16;
    %delay 50, 0;
    %pushi/vec4 0, 0, 1;
    %store/vec4 v000001ccfa522760_0, 0, 1;
    %pushi/vec4 1, 0, 1;
    %store/vec4 v000001ccfa523020_0, 0, 1;
    %pushi/vec4 360, 0, 16;
    %store/vec4 v000001ccfa522bc0_0, 0, 16;
    %pushi/vec4 18, 0, 16;
    %store/vec4 v000001ccfa522ee0_0, 0, 16;
    %delay 500, 0;
    %pushi/vec4 1, 0, 1;
    %store/vec4 v000001ccfa522760_0, 0, 1;
    %pushi/vec4 1, 0, 1;
    %store/vec4 v000001ccfa523020_0, 0, 1;
    %pushi/vec4 400, 0, 16;
    %store/vec4 v000001ccfa522bc0_0, 0, 16;
    %pushi/vec4 20, 0, 16;
    %store/vec4 v000001ccfa522ee0_0, 0, 16;
    %delay 50, 0;
    %pushi/vec4 0, 0, 1;
    %store/vec4 v000001ccfa522760_0, 0, 1;
    %pushi/vec4 1, 0, 1;
    %store/vec4 v000001ccfa523020_0, 0, 1;
    %pushi/vec4 400, 0, 16;
    %store/vec4 v000001ccfa522bc0_0, 0, 16;
    %pushi/vec4 20, 0, 16;
    %store/vec4 v000001ccfa522ee0_0, 0, 16;
    %delay 500, 0;
    %pushi/vec4 1, 0, 1;
    %store/vec4 v000001ccfa522760_0, 0, 1;
    %pushi/vec4 1, 0, 1;
    %store/vec4 v000001ccfa523020_0, 0, 1;
    %pushi/vec4 150, 0, 16;
    %store/vec4 v000001ccfa522bc0_0, 0, 16;
    %pushi/vec4 7, 0, 16;
    %store/vec4 v000001ccfa522ee0_0, 0, 16;
    %delay 50, 0;
    %pushi/vec4 0, 0, 1;
    %store/vec4 v000001ccfa522760_0, 0, 1;
    %pushi/vec4 1, 0, 1;
    %store/vec4 v000001ccfa523020_0, 0, 1;
    %pushi/vec4 150, 0, 16;
    %store/vec4 v000001ccfa522bc0_0, 0, 16;
    %pushi/vec4 7, 0, 16;
    %store/vec4 v000001ccfa522ee0_0, 0, 16;
    %delay 500, 0;
    %pushi/vec4 1, 0, 1;
    %store/vec4 v000001ccfa522760_0, 0, 1;
    %pushi/vec4 1, 0, 1;
    %store/vec4 v000001ccfa523020_0, 0, 1;
    %pushi/vec4 140, 0, 16;
    %store/vec4 v000001ccfa522bc0_0, 0, 16;
    %pushi/vec4 6, 0, 16;
    %store/vec4 v000001ccfa522ee0_0, 0, 16;
    %delay 50, 0;
    %pushi/vec4 0, 0, 1;
    %store/vec4 v000001ccfa522760_0, 0, 1;
    %pushi/vec4 1, 0, 1;
    %store/vec4 v000001ccfa523020_0, 0, 1;
    %pushi/vec4 140, 0, 16;
    %store/vec4 v000001ccfa522bc0_0, 0, 16;
    %pushi/vec4 6, 0, 16;
    %store/vec4 v000001ccfa522ee0_0, 0, 16;
    %delay 500, 0;
    %pushi/vec4 1, 0, 1;
    %store/vec4 v000001ccfa522760_0, 0, 1;
    %pushi/vec4 1, 0, 1;
    %store/vec4 v000001ccfa523020_0, 0, 1;
    %pushi/vec4 200, 0, 16;
    %store/vec4 v000001ccfa522bc0_0, 0, 16;
    %pushi/vec4 10, 0, 16;
    %store/vec4 v000001ccfa522ee0_0, 0, 16;
    %delay 50, 0;
    %pushi/vec4 0, 0, 1;
    %store/vec4 v000001ccfa522760_0, 0, 1;
    %pushi/vec4 1, 0, 1;
    %store/vec4 v000001ccfa523020_0, 0, 1;
    %pushi/vec4 200, 0, 16;
    %store/vec4 v000001ccfa522bc0_0, 0, 16;
    %pushi/vec4 10, 0, 16;
    %store/vec4 v000001ccfa522ee0_0, 0, 16;
    %delay 500, 0;
    %pushi/vec4 1, 0, 1;
    %store/vec4 v000001ccfa522760_0, 0, 1;
    %pushi/vec4 1, 0, 1;
    %store/vec4 v000001ccfa523020_0, 0, 1;
    %pushi/vec4 220, 0, 16;
    %store/vec4 v000001ccfa522bc0_0, 0, 16;
    %pushi/vec4 11, 0, 16;
    %store/vec4 v000001ccfa522ee0_0, 0, 16;
    %delay 50, 0;
    %pushi/vec4 0, 0, 1;
    %store/vec4 v000001ccfa522760_0, 0, 1;
    %pushi/vec4 1, 0, 1;
    %store/vec4 v000001ccfa523020_0, 0, 1;
    %pushi/vec4 220, 0, 16;
    %store/vec4 v000001ccfa522bc0_0, 0, 16;
    %pushi/vec4 11, 0, 16;
    %store/vec4 v000001ccfa522ee0_0, 0, 16;
    %delay 500, 0;
    %pushi/vec4 1, 0, 1;
    %store/vec4 v000001ccfa522760_0, 0, 1;
    %pushi/vec4 1, 0, 1;
    %store/vec4 v000001ccfa523020_0, 0, 1;
    %pushi/vec4 180, 0, 16;
    %store/vec4 v000001ccfa522bc0_0, 0, 16;
    %pushi/vec4 9, 0, 16;
    %store/vec4 v000001ccfa522ee0_0, 0, 16;
    %delay 50, 0;
    %pushi/vec4 0, 0, 1;
    %store/vec4 v000001ccfa522760_0, 0, 1;
    %pushi/vec4 1, 0, 1;
    %store/vec4 v000001ccfa523020_0, 0, 1;
    %pushi/vec4 180, 0, 16;
    %store/vec4 v000001ccfa522bc0_0, 0, 16;
    %pushi/vec4 9, 0, 16;
    %store/vec4 v000001ccfa522ee0_0, 0, 16;
    %delay 500, 0;
    %pushi/vec4 1, 0, 1;
    %store/vec4 v000001ccfa522760_0, 0, 1;
    %pushi/vec4 1, 0, 1;
    %store/vec4 v000001ccfa523020_0, 0, 1;
    %pushi/vec4 80, 0, 16;
    %store/vec4 v000001ccfa522bc0_0, 0, 16;
    %pushi/vec4 4, 0, 16;
    %store/vec4 v000001ccfa522ee0_0, 0, 16;
    %delay 50, 0;
    %pushi/vec4 0, 0, 1;
    %store/vec4 v000001ccfa522760_0, 0, 1;
    %pushi/vec4 1, 0, 1;
    %store/vec4 v000001ccfa523020_0, 0, 1;
    %pushi/vec4 80, 0, 16;
    %store/vec4 v000001ccfa522bc0_0, 0, 16;
    %pushi/vec4 4, 0, 16;
    %store/vec4 v000001ccfa522ee0_0, 0, 16;
    %delay 500, 0;
    %pushi/vec4 1, 0, 1;
    %store/vec4 v000001ccfa522760_0, 0, 1;
    %pushi/vec4 1, 0, 1;
    %store/vec4 v000001ccfa523020_0, 0, 1;
    %pushi/vec4 210, 0, 16;
    %store/vec4 v000001ccfa522bc0_0, 0, 16;
    %pushi/vec4 10, 0, 16;
    %store/vec4 v000001ccfa522ee0_0, 0, 16;
    %delay 50, 0;
    %pushi/vec4 0, 0, 1;
    %store/vec4 v000001ccfa522760_0, 0, 1;
    %pushi/vec4 1, 0, 1;
    %store/vec4 v000001ccfa523020_0, 0, 1;
    %pushi/vec4 210, 0, 16;
    %store/vec4 v000001ccfa522bc0_0, 0, 16;
    %pushi/vec4 10, 0, 16;
    %store/vec4 v000001ccfa522ee0_0, 0, 16;
    %delay 500, 0;
    %pushi/vec4 1, 0, 1;
    %store/vec4 v000001ccfa522760_0, 0, 1;
    %pushi/vec4 1, 0, 1;
    %store/vec4 v000001ccfa523020_0, 0, 1;
    %pushi/vec4 160, 0, 16;
    %store/vec4 v000001ccfa522bc0_0, 0, 16;
    %pushi/vec4 8, 0, 16;
    %store/vec4 v000001ccfa522ee0_0, 0, 16;
    %delay 50, 0;
    %pushi/vec4 0, 0, 1;
    %store/vec4 v000001ccfa522760_0, 0, 1;
    %pushi/vec4 1, 0, 1;
    %store/vec4 v000001ccfa523020_0, 0, 1;
    %pushi/vec4 160, 0, 16;
    %store/vec4 v000001ccfa522bc0_0, 0, 16;
    %pushi/vec4 8, 0, 16;
    %store/vec4 v000001ccfa522ee0_0, 0, 16;
    %delay 500, 0;
    %pushi/vec4 1, 0, 1;
    %store/vec4 v000001ccfa522760_0, 0, 1;
    %pushi/vec4 1, 0, 1;
    %store/vec4 v000001ccfa523020_0, 0, 1;
    %pushi/vec4 190, 0, 16;
    %store/vec4 v000001ccfa522bc0_0, 0, 16;
    %pushi/vec4 9, 0, 16;
    %store/vec4 v000001ccfa522ee0_0, 0, 16;
    %delay 50, 0;
    %pushi/vec4 0, 0, 1;
    %store/vec4 v000001ccfa522760_0, 0, 1;
    %pushi/vec4 1, 0, 1;
    %store/vec4 v000001ccfa523020_0, 0, 1;
    %pushi/vec4 190, 0, 16;
    %store/vec4 v000001ccfa522bc0_0, 0, 16;
    %pushi/vec4 9, 0, 16;
    %store/vec4 v000001ccfa522ee0_0, 0, 16;
    %delay 500, 0;
    %pushi/vec4 1, 0, 1;
    %store/vec4 v000001ccfa522760_0, 0, 1;
    %pushi/vec4 1, 0, 1;
    %store/vec4 v000001ccfa523020_0, 0, 1;
    %pushi/vec4 200, 0, 16;
    %store/vec4 v000001ccfa522bc0_0, 0, 16;
    %pushi/vec4 10, 0, 16;
    %store/vec4 v000001ccfa522ee0_0, 0, 16;
    %delay 50, 0;
    %pushi/vec4 0, 0, 1;
    %store/vec4 v000001ccfa522760_0, 0, 1;
    %pushi/vec4 1, 0, 1;
    %store/vec4 v000001ccfa523020_0, 0, 1;
    %pushi/vec4 200, 0, 16;
    %store/vec4 v000001ccfa522bc0_0, 0, 16;
    %pushi/vec4 10, 0, 16;
    %store/vec4 v000001ccfa522ee0_0, 0, 16;
    %delay 500, 0;
    %pushi/vec4 1, 0, 1;
    %store/vec4 v000001ccfa522760_0, 0, 1;
    %pushi/vec4 1, 0, 1;
    %store/vec4 v000001ccfa523020_0, 0, 1;
    %pushi/vec4 80, 0, 16;
    %store/vec4 v000001ccfa522bc0_0, 0, 16;
    %pushi/vec4 4, 0, 16;
    %store/vec4 v000001ccfa522ee0_0, 0, 16;
    %delay 50, 0;
    %pushi/vec4 0, 0, 1;
    %store/vec4 v000001ccfa522760_0, 0, 1;
    %pushi/vec4 1, 0, 1;
    %store/vec4 v000001ccfa523020_0, 0, 1;
    %pushi/vec4 80, 0, 16;
    %store/vec4 v000001ccfa522bc0_0, 0, 16;
    %pushi/vec4 4, 0, 16;
    %store/vec4 v000001ccfa522ee0_0, 0, 16;
    %delay 500, 0;
    %pushi/vec4 1, 0, 1;
    %store/vec4 v000001ccfa522760_0, 0, 1;
    %pushi/vec4 1, 0, 1;
    %store/vec4 v000001ccfa523020_0, 0, 1;
    %pushi/vec4 140, 0, 16;
    %store/vec4 v000001ccfa522bc0_0, 0, 16;
    %pushi/vec4 7, 0, 16;
    %store/vec4 v000001ccfa522ee0_0, 0, 16;
    %delay 50, 0;
    %pushi/vec4 0, 0, 1;
    %store/vec4 v000001ccfa522760_0, 0, 1;
    %pushi/vec4 1, 0, 1;
    %store/vec4 v000001ccfa523020_0, 0, 1;
    %pushi/vec4 140, 0, 16;
    %store/vec4 v000001ccfa522bc0_0, 0, 16;
    %pushi/vec4 7, 0, 16;
    %store/vec4 v000001ccfa522ee0_0, 0, 16;
    %delay 500, 0;
    %pushi/vec4 1, 0, 1;
    %store/vec4 v000001ccfa522760_0, 0, 1;
    %pushi/vec4 1, 0, 1;
    %store/vec4 v000001ccfa523020_0, 0, 1;
    %pushi/vec4 240, 0, 16;
    %store/vec4 v000001ccfa522bc0_0, 0, 16;
    %pushi/vec4 12, 0, 16;
    %store/vec4 v000001ccfa522ee0_0, 0, 16;
    %delay 50, 0;
    %pushi/vec4 0, 0, 1;
    %store/vec4 v000001ccfa522760_0, 0, 1;
    %pushi/vec4 1, 0, 1;
    %store/vec4 v000001ccfa523020_0, 0, 1;
    %pushi/vec4 240, 0, 16;
    %store/vec4 v000001ccfa522bc0_0, 0, 16;
    %pushi/vec4 12, 0, 16;
    %store/vec4 v000001ccfa522ee0_0, 0, 16;
    %delay 500, 0;
    %pushi/vec4 1, 0, 1;
    %store/vec4 v000001ccfa522760_0, 0, 1;
    %pushi/vec4 1, 0, 1;
    %store/vec4 v000001ccfa523020_0, 0, 1;
    %pushi/vec4 160, 0, 16;
    %store/vec4 v000001ccfa522bc0_0, 0, 16;
    %pushi/vec4 8, 0, 16;
    %store/vec4 v000001ccfa522ee0_0, 0, 16;
    %delay 50, 0;
    %pushi/vec4 0, 0, 1;
    %store/vec4 v000001ccfa522760_0, 0, 1;
    %pushi/vec4 1, 0, 1;
    %store/vec4 v000001ccfa523020_0, 0, 1;
    %pushi/vec4 160, 0, 16;
    %store/vec4 v000001ccfa522bc0_0, 0, 16;
    %pushi/vec4 8, 0, 16;
    %store/vec4 v000001ccfa522ee0_0, 0, 16;
    %delay 500, 0;
    %pushi/vec4 1, 0, 1;
    %store/vec4 v000001ccfa522760_0, 0, 1;
    %pushi/vec4 1, 0, 1;
    %store/vec4 v000001ccfa523020_0, 0, 1;
    %pushi/vec4 100, 0, 16;
    %store/vec4 v000001ccfa522bc0_0, 0, 16;
    %pushi/vec4 5, 0, 16;
    %store/vec4 v000001ccfa522ee0_0, 0, 16;
    %delay 50, 0;
    %pushi/vec4 0, 0, 1;
    %store/vec4 v000001ccfa522760_0, 0, 1;
    %pushi/vec4 1, 0, 1;
    %store/vec4 v000001ccfa523020_0, 0, 1;
    %pushi/vec4 100, 0, 16;
    %store/vec4 v000001ccfa522bc0_0, 0, 16;
    %pushi/vec4 5, 0, 16;
    %store/vec4 v000001ccfa522ee0_0, 0, 16;
    %delay 500, 0;
    %pushi/vec4 1, 0, 1;
    %store/vec4 v000001ccfa522760_0, 0, 1;
    %pushi/vec4 1, 0, 1;
    %store/vec4 v000001ccfa523020_0, 0, 1;
    %pushi/vec4 400, 0, 16;
    %store/vec4 v000001ccfa522bc0_0, 0, 16;
    %pushi/vec4 20, 0, 16;
    %store/vec4 v000001ccfa522ee0_0, 0, 16;
    %delay 50, 0;
    %pushi/vec4 0, 0, 1;
    %store/vec4 v000001ccfa522760_0, 0, 1;
    %pushi/vec4 1, 0, 1;
    %store/vec4 v000001ccfa523020_0, 0, 1;
    %pushi/vec4 400, 0, 16;
    %store/vec4 v000001ccfa522bc0_0, 0, 16;
    %pushi/vec4 20, 0, 16;
    %store/vec4 v000001ccfa522ee0_0, 0, 16;
    %delay 500, 0;
    %vpi_call/w 3 74 "$finish" {0 0 0};
    %end;
    .thread T_2;
    .scope S_000001ccfa48d4e0;
T_3 ;
    %delay 10, 0;
    %load/vec4 v000001ccfa522c60_0;
    %inv;
    %store/vec4 v000001ccfa522c60_0, 0, 1;
    %jmp T_3;
    .thread T_3;
# The file index is used to find the file name in the following table.
:file_names 5;
    "N/A";
    "<interactive>";
    "-";
    "divisor_tb.sv";
    "./divisor.sv";
